=> Booting Puma
=> Rails 6.0.1 application starting in development 
=> Run `rails server --help` for more startup options
Puma starting in single mode...
* Version 4.3.0 (jruby 9.2.6.0 - ruby 2.5.3), codename: Mysterious Traveller
* Min threads: 5, max threads: 5
* Environment: development
* Listening on tcp://[::1]:8080
* Listening on tcp://127.0.0.1:8080
Use Ctrl-C to stop
Started GET "/regions" for 0:0:0:0:0:0:0:1 at 2019-12-06 18:41:09 +0530
  [1m[35m (3.2ms)[0m  [1m[34mSELECT sqlite_version(*)[0m
  [1m[35m (0.4ms)[0m  [1m[34mSELECT "schema_migrations"."version" FROM "schema_migrations" ORDER BY "schema_migrations"."version" ASC[0m
Processing by RegionsController#index as */*
  [1m[36mRegion Load (0.5ms)[0m  [1m[34mSELECT "regions".* FROM "regions"[0m
  ↳ app/controllers/regions_controller.rb:10:in `index'
[active_model_serializers] Rendered ActiveModel::Serializer::CollectionSerializer with ActiveModelSerializers::Adapter::Attributes (13.28ms)
Completed 200 OK in 119ms (Views: 87.4ms | ActiveRecord: 2.8ms | Allocations: 0)


- Gracefully stopping, waiting for requests to finish
=== puma shutdown: 2019-12-06 18:42:37 +0530 ===
- Goodbye!
Exiting
